#
# There is insufficient memory for the Java Runtime Environment to continue.
# Native memory allocation (malloc) failed to allocate 994416 bytes for Chunk::new
# Possible reasons:
#   The system is out of physical RAM or swap space
#   The process is running with CompressedOops enabled, and the Java Heap may be blocking the growth of the native heap
# Possible solutions:
#   Reduce memory load on the system
#   Increase physical memory or swap space
#   Check if swap backing store is full
#   Decrease Java heap size (-Xmx/-Xms)
#   Decrease number of Java threads
#   Decrease Java thread stack sizes (-Xss)
#   Set larger code cache with -XX:ReservedCodeCacheSize=
#   JVM is running with Unscaled Compressed Oops mode in which the Java heap is
#     placed in the first 4GB address space. The Java Heap base address is the
#     maximum limit for the native heap growth. Please use -XX:HeapBaseMinAddress
#     to set the Java Heap base and to place the Java Heap above 4GB virtual address.
# This output file may be truncated or incomplete.
#
#  Out of Memory Error (./open/src/hotspot/share/memory/arena.cpp:195), pid=17476, tid=15664
#
# JRE version: Java(TM) SE Runtime Environment (15.0.1+9) (build 15.0.1+9-18)
# Java VM: Java HotSpot(TM) 64-Bit Server VM (15.0.1+9-18, mixed mode, sharing, tiered, compressed oops, g1 gc, windows-amd64)
# No core dump will be written. Minidumps are not enabled by default on client versions of Windows
#

---------------  S U M M A R Y ------------

Command Line: --add-opens=java.base/java.lang=ALL-UNNAMED --add-opens=java.base/java.io=ALL-UNNAMED --add-opens=java.base/java.util=ALL-UNNAMED --add-opens=java.base/java.util.concurrent=ALL-UNNAMED --add-opens=java.rmi/sun.rmi.transport=ALL-UNNAMED -Djava.util.logging.config.file=D:\Android\apache-tomcat-9.0.56\conf\logging.properties -Djava.util.logging.manager=org.apache.juli.ClassLoaderLogManager -Djdk.tls.ephemeralDHKeySize=2048 -Djava.protocol.handler.pkgs=org.apache.catalina.webresources -Dignore.endorsed.dirs= -Dcatalina.base=D:\Android\apache-tomcat-9.0.56 -Dcatalina.home=D:\Android\apache-tomcat-9.0.56 -Djava.io.tmpdir=D:\Android\apache-tomcat-9.0.56\temp org.apache.catalina.startup.Bootstrap start

Host: Intel(R) Core(TM) i5-8265U CPU @ 1.60GHz, 8 cores, 7G,  Windows 10 , 64 bit Build 19041 (10.0.19041.1348)
Time: Wed Dec 22 22:27:40 2021 中国标准时间 elapsed time: 184.625727 seconds (0d 0h 3m 4s)

---------------  T H R E A D  ---------------

Current thread (0x000001f2635f96e0):  JavaThread "C2 CompilerThread0" daemon [_thread_in_native, id=15664, stack(0x000000e44c000000,0x000000e44c100000)]


Current CompileTask:
C2: 184626 2706       4       java.util.TreeMap::put (8 bytes)

Stack: [0x000000e44c000000,0x000000e44c100000]
Native frames: (J=compiled Java code, j=interpreted, Vv=VM code, C=native code)
V  [jvm.dll+0x62ae9a]
V  [jvm.dll+0x781389]
V  [jvm.dll+0x782ae3]
V  [jvm.dll+0x783143]
V  [jvm.dll+0x216265]
V  [jvm.dll+0x97efa]
V  [jvm.dll+0x985dc]
V  [jvm.dll+0x32e4c8]
V  [jvm.dll+0x2f78aa]
V  [jvm.dll+0x2f6c6a]
V  [jvm.dll+0x1ea645]
V  [jvm.dll+0x1e98ae]
V  [jvm.dll+0x1784c7]
V  [jvm.dll+0x1f9165]
V  [jvm.dll+0x1f720c]
V  [jvm.dll+0x74485d]
V  [jvm.dll+0x73d65a]
V  [jvm.dll+0x629c56]
C  [ucrtbase.dll+0x21bb2]
C  [KERNEL32.DLL+0x17034]
C  [ntdll.dll+0x52651]


---------------  P R O C E S S  ---------------

Threads class SMR info:
_java_thread_list=0x000001f2655224a0, length=17, elements={
0x000001f244bd8760, 0x000001f2635d3fd0, 0x000001f2635d5150, 0x000001f2635f3960,
0x000001f2635f6230, 0x000001f2635f82a0, 0x000001f2635f96e0, 0x000001f2635fadd0,
0x000001f26360b540, 0x000001f263fbacd0, 0x000001f263fb9990, 0x000001f263fb9e60,
0x000001f263fbb1a0, 0x000001f2653843a0, 0x000001f265384d40, 0x000001f265386ef0,
0x000001f265388bd0
}

Java Threads: ( => current thread )
  0x000001f244bd8760 JavaThread "main" [_thread_in_native, id=16772, stack(0x000000e44b400000,0x000000e44b500000)]
  0x000001f2635d3fd0 JavaThread "Reference Handler" daemon [_thread_blocked, id=14360, stack(0x000000e44bb00000,0x000000e44bc00000)]
  0x000001f2635d5150 JavaThread "Finalizer" daemon [_thread_blocked, id=5892, stack(0x000000e44bc00000,0x000000e44bd00000)]
  0x000001f2635f3960 JavaThread "Signal Dispatcher" daemon [_thread_blocked, id=16608, stack(0x000000e44bd00000,0x000000e44be00000)]
  0x000001f2635f6230 JavaThread "Attach Listener" daemon [_thread_blocked, id=20212, stack(0x000000e44be00000,0x000000e44bf00000)]
  0x000001f2635f82a0 JavaThread "Service Thread" daemon [_thread_blocked, id=17172, stack(0x000000e44bf00000,0x000000e44c000000)]
=>0x000001f2635f96e0 JavaThread "C2 CompilerThread0" daemon [_thread_in_native, id=15664, stack(0x000000e44c000000,0x000000e44c100000)]
  0x000001f2635fadd0 JavaThread "C1 CompilerThread0" daemon [_thread_blocked, id=9836, stack(0x000000e44c100000,0x000000e44c200000)]
  0x000001f26360b540 JavaThread "Sweeper thread" daemon [_thread_blocked, id=17740, stack(0x000000e44c200000,0x000000e44c300000)]
  0x000001f263fbacd0 JavaThread "Common-Cleaner" daemon [_thread_blocked, id=6416, stack(0x000000e44c300000,0x000000e44c400000)]
  0x000001f263fb9990 JavaThread "Notification Thread" daemon [_thread_blocked, id=17424, stack(0x000000e44c400000,0x000000e44c500000)]
  0x000001f263fb9e60 JavaThread "AsyncFileHandlerWriter-769287236" daemon [_thread_blocked, id=3884, stack(0x000000e44c600000,0x000000e44c700000)]
  0x000001f263fbb1a0 JavaThread "FileHandlerLogFilesCleaner-1" daemon [_thread_blocked, id=6548, stack(0x000000e44c700000,0x000000e44c800000)]
  0x000001f2653843a0 JavaThread "Catalina-utility-1" [_thread_blocked, id=14928, stack(0x000000e44ce00000,0x000000e44cf00000)]
  0x000001f265384d40 JavaThread "Catalina-utility-2" [_thread_blocked, id=19968, stack(0x000000e44cf00000,0x000000e44d000000)]
  0x000001f265386ef0 JavaThread "http-nio-8080-Poller" daemon [_thread_in_native, id=12160, stack(0x000000e44d000000,0x000000e44d100000)]
  0x000001f265388bd0 JavaThread "http-nio-8080-Acceptor" daemon [_thread_in_native, id=2204, stack(0x000000e44d100000,0x000000e44d200000)]

Other Threads:
  0x000001f2635d1190 VMThread "VM Thread" [stack: 0x000000e44ba00000,0x000000e44bb00000] [id=5012]
  0x000001f26407cd80 WatcherThread [stack: 0x000000e44c500000,0x000000e44c600000] [id=6036]
  0x000001f244c168b0 GCTaskThread "GC Thread#0" [stack: 0x000000e44b500000,0x000000e44b600000] [id=2124]
  0x000001f2640c63e0 GCTaskThread "GC Thread#1" [stack: 0x000000e44ca00000,0x000000e44cb00000] [id=11288]
  0x000001f2640c5a50 GCTaskThread "GC Thread#2" [stack: 0x000000e44cb00000,0x000000e44cc00000] [id=2140]
  0x000001f244c27ab0 ConcurrentGCThread "G1 Main Marker" [stack: 0x000000e44b600000,0x000000e44b700000] [id=17928]
  0x000001f244c285b0 ConcurrentGCThread "G1 Conc#0" [stack: 0x000000e44b700000,0x000000e44b800000] [id=3012]
  0x000001f244c9fa00 ConcurrentGCThread "G1 Refine#0" [stack: 0x000000e44b800000,0x000000e44b900000] [id=7372]
  0x000001f2649dc570 ConcurrentGCThread "G1 Refine#1" [stack: 0x000000e44cc00000,0x000000e44cd00000] [id=19112]
  0x000001f264d02180 ConcurrentGCThread "G1 Refine#2" [stack: 0x000000e44cd00000,0x000000e44ce00000] [id=15592]
  0x000001f263451750 ConcurrentGCThread "G1 Young RemSet Sampling" [stack: 0x000000e44b900000,0x000000e44ba00000] [id=17288]

Threads with active compile tasks:
C2 CompilerThread0   184740 2706       4       java.util.TreeMap::put (8 bytes)

VM state: not at safepoint (normal execution)

VM Mutex/Monitor currently owned by a thread: None

Heap address: 0x0000000083000000, size: 2000 MB, Compressed Oops mode: 32-bit
CDS archive(s) mapped at: [0x0000000800000000-0x0000000800b50000-0x0000000800b50000), size 11862016, SharedBaseAddress: 0x0000000800000000, ArchiveRelocationMode: 0.
Compressed class space mapped at: 0x0000000800b50000-0x0000000840b50000, size: 1073741824
Narrow klass base: 0x0000000800000000, Narrow klass shift: 3, Narrow klass range: 0x100000000

GC Precious Log:
 CPUs: 8 total, 8 available
 Memory: 7999M
 Large Page Support: Disabled
 NUMA Support: Disabled
 Compressed Oops: Enabled (32-bit)
 Heap Region Size: 1M
 Heap Min Capacity: 8M
 Heap Initial Capacity: 126M
 Heap Max Capacity: 2000M
 Pre-touch: Disabled
 Parallel Workers: 8
 Concurrent Workers: 2
 Concurrent Refinement Workers: 8
 Periodic GC: Disabled

Heap:
 garbage-first heap   total 129024K, used 34296K [0x0000000083000000, 0x0000000100000000)
  region size 1024K, 30 young (30720K), 3 survivors (3072K)
 Metaspace       used 13763K, capacity 14147K, committed 14336K, reserved 1062912K
  class space    used 1377K, capacity 1529K, committed 1536K, reserved 1048576K

Heap Regions: E=young(eden), S=young(survivor), O=old, HS=humongous(starts), HC=humongous(continues), CS=collection set, F=free, OA=open archive, CA=closed archive, TAMS=top-at-mark-start (previous, next)
|   0|0x0000000083000000, 0x0000000083100000, 0x0000000083100000|100%| O|  |TAMS 0x0000000083000000, 0x0000000083000000| Untracked 
|   1|0x0000000083100000, 0x0000000083200000, 0x0000000083200000|100%| O|  |TAMS 0x0000000083100000, 0x0000000083100000| Untracked 
|   2|0x0000000083200000, 0x0000000083300000, 0x0000000083300000|100%| O|  |TAMS 0x0000000083200000, 0x0000000083200000| Untracked 
|   3|0x0000000083300000, 0x0000000083400000, 0x0000000083400000|100%| O|  |TAMS 0x0000000083300000, 0x0000000083300000| Untracked 
|   4|0x0000000083400000, 0x0000000083500000, 0x0000000083500000|100%| O|  |TAMS 0x0000000083400000, 0x0000000083400000| Untracked 
|   5|0x0000000083500000, 0x000000008353f800, 0x0000000083600000| 24%| O|  |TAMS 0x0000000083500000, 0x0000000083500000| Untracked 
|   6|0x0000000083600000, 0x0000000083600000, 0x0000000083700000|  0%| F|  |TAMS 0x0000000083600000, 0x0000000083600000| Untracked 
|   7|0x0000000083700000, 0x0000000083700000, 0x0000000083800000|  0%| F|  |TAMS 0x0000000083700000, 0x0000000083700000| Untracked 
|   8|0x0000000083800000, 0x0000000083800000, 0x0000000083900000|  0%| F|  |TAMS 0x0000000083800000, 0x0000000083800000| Untracked 
|   9|0x0000000083900000, 0x0000000083900000, 0x0000000083a00000|  0%| F|  |TAMS 0x0000000083900000, 0x0000000083900000| Untracked 
|  10|0x0000000083a00000, 0x0000000083a00000, 0x0000000083b00000|  0%| F|  |TAMS 0x0000000083a00000, 0x0000000083a00000| Untracked 
|  11|0x0000000083b00000, 0x0000000083b00000, 0x0000000083c00000|  0%| F|  |TAMS 0x0000000083b00000, 0x0000000083b00000| Untracked 
|  12|0x0000000083c00000, 0x0000000083c00000, 0x0000000083d00000|  0%| F|  |TAMS 0x0000000083c00000, 0x0000000083c00000| Untracked 
|  13|0x0000000083d00000, 0x0000000083d00000, 0x0000000083e00000|  0%| F|  |TAMS 0x0000000083d00000, 0x0000000083d00000| Untracked 
|  14|0x0000000083e00000, 0x0000000083e00000, 0x0000000083f00000|  0%| F|  |TAMS 0x0000000083e00000, 0x0000000083e00000| Untracked 
|  15|0x0000000083f00000, 0x0000000083f00000, 0x0000000084000000|  0%| F|  |TAMS 0x0000000083f00000, 0x0000000083f00000| Untracked 
|  16|0x0000000084000000, 0x0000000084000000, 0x0000000084100000|  0%| F|  |TAMS 0x0000000084000000, 0x0000000084000000| Untracked 
|  17|0x0000000084100000, 0x0000000084100000, 0x0000000084200000|  0%| F|  |TAMS 0x0000000084100000, 0x0000000084100000| Untracked 
|  18|0x0000000084200000, 0x0000000084200000, 0x0000000084300000|  0%| F|  |TAMS 0x0000000084200000, 0x0000000084200000| Untracked 
|  19|0x0000000084300000, 0x0000000084300000, 0x0000000084400000|  0%| F|  |TAMS 0x0000000084300000, 0x0000000084300000| Untracked 
|  20|0x0000000084400000, 0x0000000084400000, 0x0000000084500000|  0%| F|  |TAMS 0x0000000084400000, 0x0000000084400000| Untracked 
|  21|0x0000000084500000, 0x0000000084500000, 0x0000000084600000|  0%| F|  |TAMS 0x0000000084500000, 0x0000000084500000| Untracked 
|  22|0x0000000084600000, 0x0000000084600000, 0x0000000084700000|  0%| F|  |TAMS 0x0000000084600000, 0x0000000084600000| Untracked 
|  23|0x0000000084700000, 0x0000000084700000, 0x0000000084800000|  0%| F|  |TAMS 0x0000000084700000, 0x0000000084700000| Untracked 
|  24|0x0000000084800000, 0x0000000084800000, 0x0000000084900000|  0%| F|  |TAMS 0x0000000084800000, 0x0000000084800000| Untracked 
|  25|0x0000000084900000, 0x0000000084900000, 0x0000000084a00000|  0%| F|  |TAMS 0x0000000084900000, 0x0000000084900000| Untracked 
|  26|0x0000000084a00000, 0x0000000084a00000, 0x0000000084b00000|  0%| F|  |TAMS 0x0000000084a00000, 0x0000000084a00000| Untracked 
|  27|0x0000000084b00000, 0x0000000084b00000, 0x0000000084c00000|  0%| F|  |TAMS 0x0000000084b00000, 0x0000000084b00000| Untracked 
|  28|0x0000000084c00000, 0x0000000084c00000, 0x0000000084d00000|  0%| F|  |TAMS 0x0000000084c00000, 0x0000000084c00000| Untracked 
|  29|0x0000000084d00000, 0x0000000084d00000, 0x0000000084e00000|  0%| F|  |TAMS 0x0000000084d00000, 0x0000000084d00000| Untracked 
|  30|0x0000000084e00000, 0x0000000084e00000, 0x0000000084f00000|  0%| F|  |TAMS 0x0000000084e00000, 0x0000000084e00000| Untracked 
|  31|0x0000000084f00000, 0x0000000084f00000, 0x0000000085000000|  0%| F|  |TAMS 0x0000000084f00000, 0x0000000084f00000| Untracked 
|  32|0x0000000085000000, 0x0000000085000000, 0x0000000085100000|  0%| F|  |TAMS 0x0000000085000000, 0x0000000085000000| Untracked 
|  33|0x0000000085100000, 0x0000000085100000, 0x0000000085200000|  0%| F|  |TAMS 0x0000000085100000, 0x0000000085100000| Untracked 
|  34|0x0000000085200000, 0x0000000085200000, 0x0000000085300000|  0%| F|  |TAMS 0x0000000085200000, 0x0000000085200000| Untracked 
|  35|0x0000000085300000, 0x0000000085300000, 0x0000000085400000|  0%| F|  |TAMS 0x0000000085300000, 0x0000000085300000| Untracked 
|  36|0x0000000085400000, 0x0000000085400000, 0x0000000085500000|  0%| F|  |TAMS 0x0000000085400000, 0x0000000085400000| Untracked 
|  37|0x0000000085500000, 0x0000000085500000, 0x0000000085600000|  0%| F|  |TAMS 0x0000000085500000, 0x0000000085500000| Untracked 
|  38|0x0000000085600000, 0x0000000085600000, 0x0000000085700000|  0%| F|  |TAMS 0x0000000085600000, 0x0000000085600000| Untracked 
|  39|0x0000000085700000, 0x0000000085700000, 0x0000000085800000|  0%| F|  |TAMS 0x0000000085700000, 0x0000000085700000| Untracked 
|  40|0x0000000085800000, 0x0000000085800000, 0x0000000085900000|  0%| F|  |TAMS 0x0000000085800000, 0x0000000085800000| Untracked 
|  41|0x0000000085900000, 0x0000000085900000, 0x0000000085a00000|  0%| F|  |TAMS 0x0000000085900000, 0x0000000085900000| Untracked 
|  42|0x0000000085a00000, 0x0000000085a00000, 0x0000000085b00000|  0%| F|  |TAMS 0x0000000085a00000, 0x0000000085a00000| Untracked 
|  43|0x0000000085b00000, 0x0000000085b00000, 0x0000000085c00000|  0%| F|  |TAMS 0x0000000085b00000, 0x0000000085b00000| Untracked 
|  44|0x0000000085c00000, 0x0000000085c00000, 0x0000000085d00000|  0%| F|  |TAMS 0x0000000085c00000, 0x0000000085c00000| Untracked 
|  45|0x0000000085d00000, 0x0000000085d00000, 0x0000000085e00000|  0%| F|  |TAMS 0x0000000085d00000, 0x0000000085d00000| Untracked 
|  46|0x0000000085e00000, 0x0000000085e00000, 0x0000000085f00000|  0%| F|  |TAMS 0x0000000085e00000, 0x0000000085e00000| Untracked 
|  47|0x0000000085f00000, 0x0000000085f00000, 0x0000000086000000|  0%| F|  |TAMS 0x0000000085f00000, 0x0000000085f00000| Untracked 
|  48|0x0000000086000000, 0x0000000086000000, 0x0000000086100000|  0%| F|  |TAMS 0x0000000086000000, 0x0000000086000000| Untracked 
|  49|0x0000000086100000, 0x0000000086100000, 0x0000000086200000|  0%| F|  |TAMS 0x0000000086100000, 0x0000000086100000| Untracked 
|  50|0x0000000086200000, 0x0000000086200000, 0x0000000086300000|  0%| F|  |TAMS 0x0000000086200000, 0x0000000086200000| Untracked 
|  51|0x0000000086300000, 0x0000000086300000, 0x0000000086400000|  0%| F|  |TAMS 0x0000000086300000, 0x0000000086300000| Untracked 
|  52|0x0000000086400000, 0x0000000086400000, 0x0000000086500000|  0%| F|  |TAMS 0x0000000086400000, 0x0000000086400000| Untracked 
|  53|0x0000000086500000, 0x0000000086500000, 0x0000000086600000|  0%| F|  |TAMS 0x0000000086500000, 0x0000000086500000| Untracked 
|  54|0x0000000086600000, 0x0000000086600000, 0x0000000086700000|  0%| F|  |TAMS 0x0000000086600000, 0x0000000086600000| Untracked 
|  55|0x0000000086700000, 0x0000000086700000, 0x0000000086800000|  0%| F|  |TAMS 0x0000000086700000, 0x0000000086700000| Untracked 
|  56|0x0000000086800000, 0x0000000086800000, 0x0000000086900000|  0%| F|  |TAMS 0x0000000086800000, 0x0000000086800000| Untracked 
|  57|0x0000000086900000, 0x0000000086900000, 0x0000000086a00000|  0%| F|  |TAMS 0x0000000086900000, 0x0000000086900000| Untracked 
|  58|0x0000000086a00000, 0x0000000086a00000, 0x0000000086b00000|  0%| F|  |TAMS 0x0000000086a00000, 0x0000000086a00000| Untracked 
|  59|0x0000000086b00000, 0x0000000086b00000, 0x0000000086c00000|  0%| F|  |TAMS 0x0000000086b00000, 0x0000000086b00000| Untracked 
|  60|0x0000000086c00000, 0x0000000086c00000, 0x0000000086d00000|  0%| F|  |TAMS 0x0000000086c00000, 0x0000000086c00000| Untracked 
|  61|0x0000000086d00000, 0x0000000086d00000, 0x0000000086e00000|  0%| F|  |TAMS 0x0000000086d00000, 0x0000000086d00000| Untracked 
|  62|0x0000000086e00000, 0x0000000086e00000, 0x0000000086f00000|  0%| F|  |TAMS 0x0000000086e00000, 0x0000000086e00000| Untracked 
|  63|0x0000000086f00000, 0x0000000086f00000, 0x0000000087000000|  0%| F|  |TAMS 0x0000000086f00000, 0x0000000086f00000| Untracked 
|  64|0x0000000087000000, 0x0000000087000000, 0x0000000087100000|  0%| F|  |TAMS 0x0000000087000000, 0x0000000087000000| Untracked 
|  65|0x0000000087100000, 0x0000000087100000, 0x0000000087200000|  0%| F|  |TAMS 0x0000000087100000, 0x0000000087100000| Untracked 
|  66|0x0000000087200000, 0x0000000087200000, 0x0000000087300000|  0%| F|  |TAMS 0x0000000087200000, 0x0000000087200000| Untracked 
|  67|0x0000000087300000, 0x0000000087300000, 0x0000000087400000|  0%| F|  |TAMS 0x0000000087300000, 0x0000000087300000| Untracked 
|  68|0x0000000087400000, 0x0000000087400000, 0x0000000087500000|  0%| F|  |TAMS 0x0000000087400000, 0x0000000087400000| Untracked 
|  69|0x0000000087500000, 0x0000000087500000, 0x0000000087600000|  0%| F|  |TAMS 0x0000000087500000, 0x0000000087500000| Untracked 
|  70|0x0000000087600000, 0x0000000087600000, 0x0000000087700000|  0%| F|  |TAMS 0x0000000087600000, 0x0000000087600000| Untracked 
|  71|0x0000000087700000, 0x0000000087700000, 0x0000000087800000|  0%| F|  |TAMS 0x0000000087700000, 0x0000000087700000| Untracked 
|  72|0x0000000087800000, 0x0000000087800000, 0x0000000087900000|  0%| F|  |TAMS 0x0000000087800000, 0x0000000087800000| Untracked 
|  73|0x0000000087900000, 0x0000000087900000, 0x0000000087a00000|  0%| F|  |TAMS 0x0000000087900000, 0x0000000087900000| Untracked 
|  74|0x0000000087a00000, 0x0000000087a00000, 0x0000000087b00000|  0%| F|  |TAMS 0x0000000087a00000, 0x0000000087a00000| Untracked 
|  75|0x0000000087b00000, 0x0000000087b00000, 0x0000000087c00000|  0%| F|  |TAMS 0x0000000087b00000, 0x0000000087b00000| Untracked 
|  76|0x0000000087c00000, 0x0000000087c00000, 0x0000000087d00000|  0%| F|  |TAMS 0x0000000087c00000, 0x0000000087c00000| Untracked 
|  77|0x0000000087d00000, 0x0000000087d00000, 0x0000000087e00000|  0%| F|  |TAMS 0x0000000087d00000, 0x0000000087d00000| Untracked 
|  78|0x0000000087e00000, 0x0000000087e00000, 0x0000000087f00000|  0%| F|  |TAMS 0x0000000087e00000, 0x0000000087e00000| Untracked 
|  79|0x0000000087f00000, 0x0000000087f00000, 0x0000000088000000|  0%| F|  |TAMS 0x0000000087f00000, 0x0000000087f00000| Untracked 
|  80|0x0000000088000000, 0x0000000088000000, 0x0000000088100000|  0%| F|  |TAMS 0x0000000088000000, 0x0000000088000000| Untracked 
|  81|0x0000000088100000, 0x0000000088100000, 0x0000000088200000|  0%| F|  |TAMS 0x0000000088100000, 0x0000000088100000| Untracked 
|  82|0x0000000088200000, 0x0000000088200000, 0x0000000088300000|  0%| F|  |TAMS 0x0000000088200000, 0x0000000088200000| Untracked 
|  83|0x0000000088300000, 0x0000000088300000, 0x0000000088400000|  0%| F|  |TAMS 0x0000000088300000, 0x0000000088300000| Untracked 
|  84|0x0000000088400000, 0x0000000088400000, 0x0000000088500000|  0%| F|  |TAMS 0x0000000088400000, 0x0000000088400000| Untracked 
|  85|0x0000000088500000, 0x0000000088500000, 0x0000000088600000|  0%| F|  |TAMS 0x0000000088500000, 0x0000000088500000| Untracked 
|  86|0x0000000088600000, 0x0000000088600000, 0x0000000088700000|  0%| F|  |TAMS 0x0000000088600000, 0x0000000088600000| Untracked 
|  87|0x0000000088700000, 0x0000000088700000, 0x0000000088800000|  0%| F|  |TAMS 0x0000000088700000, 0x0000000088700000| Untracked 
|  88|0x0000000088800000, 0x0000000088800000, 0x0000000088900000|  0%| F|  |TAMS 0x0000000088800000, 0x0000000088800000| Untracked 
|  89|0x0000000088900000, 0x0000000088900000, 0x0000000088a00000|  0%| F|  |TAMS 0x0000000088900000, 0x0000000088900000| Untracked 
|  90|0x0000000088a00000, 0x0000000088a00000, 0x0000000088b00000|  0%| F|  |TAMS 0x0000000088a00000, 0x0000000088a00000| Untracked 
|  91|0x0000000088b00000, 0x0000000088b00000, 0x0000000088c00000|  0%| F|  |TAMS 0x0000000088b00000, 0x0000000088b00000| Untracked 
|  92|0x0000000088c00000, 0x0000000088c00000, 0x0000000088d00000|  0%| F|  |TAMS 0x0000000088c00000, 0x0000000088c00000| Untracked 
|  93|0x0000000088d00000, 0x0000000088d00000, 0x0000000088e00000|  0%| F|  |TAMS 0x0000000088d00000, 0x0000000088d00000| Untracked 
|  94|0x0000000088e00000, 0x0000000088e00000, 0x0000000088f00000|  0%| F|  |TAMS 0x0000000088e00000, 0x0000000088e00000| Untracked 
|  95|0x0000000088f00000, 0x0000000088f00000, 0x0000000089000000|  0%| F|  |TAMS 0x0000000088f00000, 0x0000000088f00000| Untracked 
|  96|0x0000000089000000, 0x000000008907b668, 0x0000000089100000| 48%| E|  |TAMS 0x0000000089000000, 0x0000000089000000| Complete 
|  97|0x0000000089100000, 0x0000000089200000, 0x0000000089200000|100%| E|CS|TAMS 0x0000000089100000, 0x0000000089100000| Complete 
|  98|0x0000000089200000, 0x0000000089300000, 0x0000000089300000|100%| E|CS|TAMS 0x0000000089200000, 0x0000000089200000| Complete 
|  99|0x0000000089300000, 0x000000008933e810, 0x0000000089400000| 24%| S|CS|TAMS 0x0000000089300000, 0x0000000089300000| Complete 
| 100|0x0000000089400000, 0x0000000089500000, 0x0000000089500000|100%| E|CS|TAMS 0x0000000089400000, 0x0000000089400000| Complete 
| 101|0x0000000089500000, 0x0000000089600000, 0x0000000089600000|100%| E|CS|TAMS 0x0000000089500000, 0x0000000089500000| Complete 
| 102|0x0000000089600000, 0x0000000089700000, 0x0000000089700000|100%| E|CS|TAMS 0x0000000089600000, 0x0000000089600000| Complete 
| 103|0x0000000089700000, 0x0000000089800000, 0x0000000089800000|100%| S|CS|TAMS 0x0000000089700000, 0x0000000089700000| Complete 
| 104|0x0000000089800000, 0x0000000089900000, 0x0000000089900000|100%| S|CS|TAMS 0x0000000089800000, 0x0000000089800000| Complete 
| 105|0x0000000089900000, 0x0000000089a00000, 0x0000000089a00000|100%| E|CS|TAMS 0x0000000089900000, 0x0000000089900000| Complete 
| 106|0x0000000089a00000, 0x0000000089b00000, 0x0000000089b00000|100%| E|CS|TAMS 0x0000000089a00000, 0x0000000089a00000| Complete 
| 107|0x0000000089b00000, 0x0000000089c00000, 0x0000000089c00000|100%| E|CS|TAMS 0x0000000089b00000, 0x0000000089b00000| Complete 
| 108|0x0000000089c00000, 0x0000000089d00000, 0x0000000089d00000|100%| E|CS|TAMS 0x0000000089c00000, 0x0000000089c00000| Complete 
| 109|0x0000000089d00000, 0x0000000089e00000, 0x0000000089e00000|100%| E|CS|TAMS 0x0000000089d00000, 0x0000000089d00000| Complete 
| 110|0x0000000089e00000, 0x0000000089f00000, 0x0000000089f00000|100%| E|CS|TAMS 0x0000000089e00000, 0x0000000089e00000| Complete 
| 111|0x0000000089f00000, 0x000000008a000000, 0x000000008a000000|100%| E|CS|TAMS 0x0000000089f00000, 0x0000000089f00000| Complete 
| 112|0x000000008a000000, 0x000000008a100000, 0x000000008a100000|100%| E|CS|TAMS 0x000000008a000000, 0x000000008a000000| Complete 
| 113|0x000000008a100000, 0x000000008a200000, 0x000000008a200000|100%| E|CS|TAMS 0x000000008a100000, 0x000000008a100000| Complete 
| 114|0x000000008a200000, 0x000000008a300000, 0x000000008a300000|100%| E|CS|TAMS 0x000000008a200000, 0x000000008a200000| Complete 
| 115|0x000000008a300000, 0x000000008a400000, 0x000000008a400000|100%| E|CS|TAMS 0x000000008a300000, 0x000000008a300000| Complete 
| 116|0x000000008a400000, 0x000000008a500000, 0x000000008a500000|100%| E|CS|TAMS 0x000000008a400000, 0x000000008a400000| Complete 
| 117|0x000000008a500000, 0x000000008a600000, 0x000000008a600000|100%| E|CS|TAMS 0x000000008a500000, 0x000000008a500000| Complete 
| 118|0x000000008a600000, 0x000000008a700000, 0x000000008a700000|100%| E|CS|TAMS 0x000000008a600000, 0x000000008a600000| Complete 
| 119|0x000000008a700000, 0x000000008a800000, 0x000000008a800000|100%| E|CS|TAMS 0x000000008a700000, 0x000000008a700000| Complete 
| 120|0x000000008a800000, 0x000000008a900000, 0x000000008a900000|100%| E|CS|TAMS 0x000000008a800000, 0x000000008a800000| Complete 
| 121|0x000000008a900000, 0x000000008aa00000, 0x000000008aa00000|100%| E|CS|TAMS 0x000000008a900000, 0x000000008a900000| Complete 
| 122|0x000000008aa00000, 0x000000008ab00000, 0x000000008ab00000|100%| E|CS|TAMS 0x000000008aa00000, 0x000000008aa00000| Complete 
| 123|0x000000008ab00000, 0x000000008ac00000, 0x000000008ac00000|100%| E|CS|TAMS 0x000000008ab00000, 0x000000008ab00000| Complete 
| 124|0x000000008ac00000, 0x000000008ad00000, 0x000000008ad00000|100%| E|CS|TAMS 0x000000008ac00000, 0x000000008ac00000| Complete 
| 125|0x000000008ad00000, 0x000000008ae00000, 0x000000008ae00000|100%| E|CS|TAMS 0x000000008ad00000, 0x000000008ad00000| Complete 

Card table byte_map: [0x000001f25c530000,0x000001f25c920000] _byte_map_base: 0x000001f25c118000

Marking Bits (Prev, Next): (CMBitMap*) 0x000001f244c16fb0, (CMBitMap*) 0x000001f244c16ff0
 Prev Bits: [0x000001f25cd10000, 0x000001f25ec50000)
 Next Bits: [0x000001f25ec50000, 0x000001f260b90000)

Polling page: 0x000001f2443b0000

Metaspace:

Usage:
  Non-class:     12.32 MB capacity,    12.10 MB ( 98%) used,   207.92 KB (  2%) free+waste,    24.38 KB ( <1%) overhead. 
      Class:      1.49 MB capacity,     1.35 MB ( 90%) used,   140.84 KB (  9%) free+waste,    10.31 KB ( <1%) overhead. 
       Both:     13.82 MB capacity,    13.44 MB ( 97%) used,   348.77 KB (  2%) free+waste,    34.69 KB ( <1%) overhead. 

Virtual space:
  Non-class space:       14.00 MB reserved,      12.50 MB ( 89%) committed 
      Class space:        1.00 GB reserved,       1.50 MB ( <1%) committed 
             Both:        1.01 GB reserved,      14.00 MB (  1%) committed 

Chunk freelists:
   Non-Class:  54.00 KB
       Class:  7.00 KB
        Both:  61.00 KB

MaxMetaspaceSize: 17179869184.00 GB
CompressedClassSpaceSize: 1.00 GB

CodeHeap 'non-profiled nmethods': size=120000Kb used=1507Kb max_used=1507Kb free=118492Kb
 bounds [0x000001f2548e0000, 0x000001f254b50000, 0x000001f25be10000]
CodeHeap 'profiled nmethods': size=120000Kb used=6003Kb max_used=6003Kb free=113996Kb
 bounds [0x000001f24d3b0000, 0x000001f24d990000, 0x000001f2548e0000]
CodeHeap 'non-nmethods': size=5760Kb used=1225Kb max_used=1306Kb free=4535Kb
 bounds [0x000001f24ce10000, 0x000001f24d080000, 0x000001f24d3b0000]
 total_blobs=3197 nmethods=2705 adapters=404
 compilation: enabled
              stopped_count=0, restarted_count=0
 full_count=0

Compilation events (20 events):
Event: 144.458 Thread 0x000001f2635fadd0 nmethod 2696 0x000001f24d988a90 code [0x000001f24d988c40, 0x000001f24d988ff8]
Event: 155.361 Thread 0x000001f2635fadd0 2697       3       java.util.concurrent.locks.AbstractQueuedSynchronizer$ConditionObject::doSignal (54 bytes)
Event: 155.362 Thread 0x000001f2635fadd0 nmethod 2697 0x000001f24d989110 code [0x000001f24d9892e0, 0x000001f24d989698]
Event: 157.364 Thread 0x000001f2635fadd0 2698       3       java.lang.invoke.VarForm::getMemberName (21 bytes)
Event: 157.365 Thread 0x000001f2635fadd0 nmethod 2698 0x000001f24d989810 code [0x000001f24d9899c0, 0x000001f24d989c08]
Event: 160.366 Thread 0x000001f2635fadd0 2699       3       java.util.concurrent.locks.AbstractQueuedSynchronizer$Node::setPrevRelaxed (12 bytes)
Event: 160.366 Thread 0x000001f2635fadd0 nmethod 2699 0x000001f24d989d10 code [0x000001f24d989ea0, 0x000001f24d989ff8]
Event: 160.366 Thread 0x000001f2635fadd0 2700       3       java.util.concurrent.locks.AbstractQueuedSynchronizer::casTail (13 bytes)
Event: 160.366 Thread 0x000001f2635fadd0 nmethod 2700 0x000001f24d98a090 code [0x000001f24d98a220, 0x000001f24d98a378]
Event: 165.370 Thread 0x000001f2635fadd0 2701       3       java.util.concurrent.locks.AbstractQueuedSynchronizer$ConditionObject::awaitNanos (200 bytes)
Event: 165.371 Thread 0x000001f2635fadd0 nmethod 2701 0x000001f24d98a410 code [0x000001f24d98a700, 0x000001f24d98b788]
Event: 167.358 Thread 0x000001f2635fadd0 2702       3       java.util.concurrent.locks.LockSupport::parkNanos (29 bytes)
Event: 167.369 Thread 0x000001f2635fadd0 nmethod 2702 0x000001f24d98be10 code [0x000001f24d98bfe0, 0x000001f24d98c1c8]
Event: 174.359 Thread 0x000001f2635fadd0 2703       3       java.util.concurrent.ScheduledThreadPoolExecutor$ScheduledFutureTask::isPeriodic (15 bytes)
Event: 174.360 Thread 0x000001f2635fadd0 nmethod 2703 0x000001f24d98c290 code [0x000001f24d98c420, 0x000001f24d98c598]
Event: 184.521 Thread 0x000001f2635fadd0 2704       3       java.util.HashMap::keysToArray (81 bytes)
Event: 184.528 Thread 0x000001f2635fadd0 nmethod 2704 0x000001f24d98c610 code [0x000001f24d98c7e0, 0x000001f24d98cc98]
Event: 184.529 Thread 0x000001f2635fadd0 2705       1       org.apache.catalina.core.StandardContext::getInstanceManager (5 bytes)
Event: 184.529 Thread 0x000001f2635fadd0 nmethod 2705 0x000001f254a58c10 code [0x000001f254a58da0, 0x000001f254a58e58]
Event: 184.534 Thread 0x000001f2635f96e0 2706       4       java.util.TreeMap::put (8 bytes)

GC Heap History (4 events):
Event: 2.368 GC heap before
{Heap before GC invocations=0 (full 0):
 garbage-first heap   total 129024K, used 22528K [0x0000000083000000, 0x0000000100000000)
  region size 1024K, 23 young (23552K), 0 survivors (0K)
 Metaspace       used 8315K, capacity 8619K, committed 8704K, reserved 1056768K
  class space    used 849K, capacity 960K, committed 1024K, reserved 1048576K
}
Event: 2.376 GC heap after
{Heap after GC invocations=1 (full 0):
 garbage-first heap   total 129024K, used 5367K [0x0000000083000000, 0x0000000100000000)
  region size 1024K, 3 young (3072K), 3 survivors (3072K)
 Metaspace       used 8315K, capacity 8619K, committed 8704K, reserved 1056768K
  class space    used 849K, capacity 960K, committed 1024K, reserved 1048576K
}
Event: 2.830 GC heap before
{Heap before GC invocations=1 (full 0):
 garbage-first heap   total 129024K, used 26871K [0x0000000083000000, 0x0000000100000000)
  region size 1024K, 24 young (24576K), 3 survivors (3072K)
 Metaspace       used 11287K, capacity 11676K, committed 11776K, reserved 1060864K
  class space    used 1130K, capacity 1268K, committed 1280K, reserved 1048576K
}
Event: 2.836 GC heap after
{Heap after GC invocations=2 (full 0):
 garbage-first heap   total 129024K, used 7672K [0x0000000083000000, 0x0000000100000000)
  region size 1024K, 3 young (3072K), 3 survivors (3072K)
 Metaspace       used 11287K, capacity 11676K, committed 11776K, reserved 1060864K
  class space    used 1130K, capacity 1268K, committed 1280K, reserved 1048576K
}

Deoptimization events (20 events):
Event: 3.946 Thread 0x000001f244bd8760 Uncommon trap: trap_request=0xffffffde fr.pc=0x000001f2549bcf3c relative=0x000000000000109c
Event: 3.946 Thread 0x000001f244bd8760 Uncommon trap: reason=class_check action=maybe_recompile pc=0x000001f2549bcf3c method=com.sun.org.apache.xerces.internal.impl.XMLDocumentFragmentScannerImpl$FragmentContentDriver.next()I @ 427 c2
Event: 3.946 Thread 0x000001f244bd8760 DEOPT PACKING pc=0x000001f2549bcf3c sp=0x000000e44b4fd300
Event: 3.946 Thread 0x000001f244bd8760 DEOPT UNPACKING pc=0x000001f24ce5e42f sp=0x000000e44b4fd2c8 mode 2
Event: 3.947 Thread 0x000001f244bd8760 Uncommon trap: trap_request=0xffffffde fr.pc=0x000001f2549bcf3c relative=0x000000000000109c
Event: 3.947 Thread 0x000001f244bd8760 Uncommon trap: reason=class_check action=maybe_recompile pc=0x000001f2549bcf3c method=com.sun.org.apache.xerces.internal.impl.XMLDocumentFragmentScannerImpl$FragmentContentDriver.next()I @ 427 c2
Event: 3.947 Thread 0x000001f244bd8760 DEOPT PACKING pc=0x000001f2549bcf3c sp=0x000000e44b4fd300
Event: 3.947 Thread 0x000001f244bd8760 DEOPT UNPACKING pc=0x000001f24ce5e42f sp=0x000000e44b4fd2c8 mode 2
Event: 3.955 Thread 0x000001f244bd8760 Uncommon trap: trap_request=0xffffff45 fr.pc=0x000001f254962254 relative=0x0000000000000594
Event: 3.955 Thread 0x000001f244bd8760 Uncommon trap: reason=unstable_if action=reinterpret pc=0x000001f254962254 method=com.sun.org.apache.xerces.internal.impl.XMLEntityScanner.scanLiteral(ILcom/sun/org/apache/xerces/internal/xni/XMLString;Z)I @ 660 c2
Event: 3.955 Thread 0x000001f244bd8760 DEOPT PACKING pc=0x000001f254962254 sp=0x000000e44b4fcf20
Event: 3.955 Thread 0x000001f244bd8760 DEOPT UNPACKING pc=0x000001f24ce5e42f sp=0x000000e44b4fcec8 mode 2
Event: 4.024 Thread 0x000001f244bd8760 Uncommon trap: trap_request=0xffffff45 fr.pc=0x000001f254a185b4 relative=0x0000000000001414
Event: 4.024 Thread 0x000001f244bd8760 Uncommon trap: reason=unstable_if action=reinterpret pc=0x000001f254a185b4 method=com.sun.org.apache.xerces.internal.impl.XMLDocumentFragmentScannerImpl$FragmentContentDriver.next()I @ 265 c2
Event: 4.024 Thread 0x000001f244bd8760 DEOPT PACKING pc=0x000001f254a185b4 sp=0x000000e44b4fd0d0
Event: 4.024 Thread 0x000001f244bd8760 DEOPT UNPACKING pc=0x000001f24ce5e42f sp=0x000000e44b4fd0c0 mode 2
Event: 4.027 Thread 0x000001f244bd8760 Uncommon trap: trap_request=0xffffff45 fr.pc=0x000001f254a16350 relative=0x0000000000000790
Event: 4.027 Thread 0x000001f244bd8760 Uncommon trap: reason=unstable_if action=reinterpret pc=0x000001f254a16350 method=com.sun.org.apache.xerces.internal.impl.XMLEntityScanner.scanContent(Lcom/sun/org/apache/xerces/internal/xni/XMLString;)I @ 481 c2
Event: 4.028 Thread 0x000001f244bd8760 DEOPT PACKING pc=0x000001f254a16350 sp=0x000000e44b4fd070
Event: 4.028 Thread 0x000001f244bd8760 DEOPT UNPACKING pc=0x000001f24ce5e42f sp=0x000000e44b4fd020 mode 2

Classes unloaded (0 events):
No events

Classes redefined (0 events):
No events

Internal exceptions (20 events):
Event: 3.991 Thread 0x000001f244bd8760 Implicit null exception at 0x000001f24d60a557 to 0x000001f24d60c20a
Event: 3.991 Thread 0x000001f244bd8760 Exception <a 'java/lang/NullPointerException'{0x000000008a077890}> (0x000000008a077890) 
thrown [./open/src/hotspot/share/runtime/sharedRuntime.cpp, line 585]
Event: 4.004 Thread 0x000001f244bd8760 Implicit null exception at 0x000001f24d60a557 to 0x000001f24d60c20a
Event: 4.004 Thread 0x000001f244bd8760 Exception <a 'java/lang/NullPointerException'{0x0000000089f574a0}> (0x0000000089f574a0) 
thrown [./open/src/hotspot/share/runtime/sharedRuntime.cpp, line 585]
Event: 4.015 Thread 0x000001f244bd8760 Implicit null exception at 0x000001f24d60a557 to 0x000001f24d60c20a
Event: 4.015 Thread 0x000001f244bd8760 Exception <a 'java/lang/NullPointerException'{0x0000000089e22570}> (0x0000000089e22570) 
thrown [./open/src/hotspot/share/runtime/sharedRuntime.cpp, line 585]
Event: 4.022 Thread 0x000001f244bd8760 Implicit null exception at 0x000001f24d60a557 to 0x000001f24d60c20a
Event: 4.022 Thread 0x000001f244bd8760 Exception <a 'java/lang/NullPointerException'{0x0000000089e84298}> (0x0000000089e84298) 
thrown [./open/src/hotspot/share/runtime/sharedRuntime.cpp, line 585]
Event: 4.076 Thread 0x000001f244bd8760 Exception <a 'java/io/FileNotFoundException'{0x0000000089cd9890}> (0x0000000089cd9890) 
thrown [./open/src/hotspot/share/prims/jni.cpp, line 578]
Event: 4.108 Thread 0x000001f244bd8760 Exception <a 'java/io/FileNotFoundException'{0x0000000089b6aa18}> (0x0000000089b6aa18) 
thrown [./open/src/hotspot/share/prims/jni.cpp, line 578]
Event: 4.122 Thread 0x000001f244bd8760 Exception <a 'java/io/FileNotFoundException'{0x0000000089a2e868}> (0x0000000089a2e868) 
thrown [./open/src/hotspot/share/prims/jni.cpp, line 578]
Event: 4.149 Thread 0x000001f244bd8760 Exception <a 'java/io/FileNotFoundException'{0x0000000089997940}> (0x0000000089997940) 
thrown [./open/src/hotspot/share/prims/jni.cpp, line 578]
Event: 4.157 Thread 0x000001f244bd8760 Exception <a 'java/lang/NoSuchMethodError'{0x00000000899aeab0}: 'java.lang.Object java.lang.invoke.DirectMethodHandle$Holder.invokeStaticInit(java.lang.Object, int, int, int, int)'> (0x00000000899aeab0) 
thrown [./open/src/hotspot/share/interpreter/linkResolver.cpp, line 782]
Event: 4.176 Thread 0x000001f244bd8760 Exception <a 'java/io/FileNotFoundException'{0x00000000899e0a00}> (0x00000000899e0a00) 
thrown [./open/src/hotspot/share/prims/jni.cpp, line 578]
Event: 4.182 Thread 0x000001f244bd8760 Exception <a 'java/io/FileNotFoundException'{0x000000008964d5d8}> (0x000000008964d5d8) 
thrown [./open/src/hotspot/share/prims/jni.cpp, line 578]
Event: 4.217 Thread 0x000001f244bd8760 Exception <a 'java/io/FileNotFoundException'{0x00000000895c2b80}> (0x00000000895c2b80) 
thrown [./open/src/hotspot/share/prims/jni.cpp, line 578]
Event: 4.228 Thread 0x000001f244bd8760 Exception <a 'java/io/FileNotFoundException'{0x00000000895eb938}> (0x00000000895eb938) 
thrown [./open/src/hotspot/share/prims/jni.cpp, line 578]
Event: 4.239 Thread 0x000001f244bd8760 Exception <a 'java/io/FileNotFoundException'{0x000000008944bc90}> (0x000000008944bc90) 
thrown [./open/src/hotspot/share/prims/jni.cpp, line 578]
Event: 4.265 Thread 0x000001f244bd8760 Exception <a 'java/io/FileNotFoundException'{0x0000000089291488}> (0x0000000089291488) 
thrown [./open/src/hotspot/share/prims/jni.cpp, line 578]
Event: 4.346 Thread 0x000001f244bd8760 Exception <a 'java/lang/NoSuchMethodError'{0x00000000891ad5e8}: 'java.lang.Object java.lang.invoke.DirectMethodHandle$Holder.invokeStaticInit(java.lang.Object, java.lang.Object, int, int, int, int)'> (0x00000000891ad5e8) 
thrown [./open/src/hotspot/share/interpreter/linkResolver.cpp, line 782]

Events (20 events):
Event: 4.357 loading class java/net/InetAddress$Addresses done
Event: 4.357 loading class java/net/InetAddress$NameServiceAddresses done
Event: 4.363 loading class sun/net/InetAddressCachePolicy
Event: 4.363 loading class sun/net/InetAddressCachePolicy done
Event: 4.364 loading class sun/net/InetAddressCachePolicy$1
Event: 4.364 loading class sun/net/InetAddressCachePolicy$1 done
Event: 4.364 loading class sun/net/InetAddressCachePolicy$2
Event: 4.364 loading class sun/net/InetAddressCachePolicy$2 done
Event: 4.364 loading class java/net/InetAddress$CachedAddresses
Event: 4.364 loading class java/net/InetAddress$CachedAddresses done
Event: 4.364 loading class java/util/concurrent/atomic/Striped64$1
Event: 4.364 loading class java/util/concurrent/atomic/Striped64$1 done
Event: 4.365 loading class sun/nio/ch/NioSocketImpl
Event: 4.365 loading class sun/net/PlatformSocketImpl
Event: 4.365 loading class sun/net/PlatformSocketImpl done
Event: 4.365 loading class sun/nio/ch/NioSocketImpl done
Event: 4.959 Executing VM operation: HandshakeAllThreads
Event: 4.959 Executing VM operation: HandshakeAllThreads done
Event: 9.449 Thread 0x000001f265334ba0 Thread exited: 0x000001f265334ba0
Event: 14.280 Thread 0x000001f26548db30 Thread exited: 0x000001f26548db30


Dynamic libraries:
0x00007ff6f6a70000 - 0x00007ff6f6a7f000 	D:\Java\jdk-15.0.1\bin\java.exe
0x00007fff3c5d0000 - 0x00007fff3c7c5000 	C:\WINDOWS\SYSTEM32\ntdll.dll
0x00007fff3a9f0000 - 0x00007fff3aaae000 	C:\WINDOWS\System32\KERNEL32.DLL
0x00007fff3a110000 - 0x00007fff3a3d8000 	C:\WINDOWS\System32\KERNELBASE.dll
0x00007fff39f60000 - 0x00007fff3a060000 	C:\WINDOWS\System32\ucrtbase.dll
0x00007fff35700000 - 0x00007fff35719000 	D:\Java\jdk-15.0.1\bin\VCRUNTIME140.dll
0x00007fff2ff60000 - 0x00007fff2ff78000 	D:\Java\jdk-15.0.1\bin\jli.dll
0x00007fff3a910000 - 0x00007fff3a9bc000 	C:\WINDOWS\System32\ADVAPI32.dll
0x00007fff3aab0000 - 0x00007fff3ab4e000 	C:\WINDOWS\System32\msvcrt.dll
0x00007fff3b980000 - 0x00007fff3ba1b000 	C:\WINDOWS\System32\sechost.dll
0x00007fff3baa0000 - 0x00007fff3bbca000 	C:\WINDOWS\System32\RPCRT4.dll
0x00007fff3c1e0000 - 0x00007fff3c381000 	C:\WINDOWS\System32\USER32.dll
0x00007fff3a590000 - 0x00007fff3a5b2000 	C:\WINDOWS\System32\win32u.dll
0x00007fff26590000 - 0x00007fff2682a000 	C:\WINDOWS\WinSxS\amd64_microsoft.windows.common-controls_6595b64144ccf1df_6.0.19041.1110_none_60b5254171f9507e\COMCTL32.dll
0x00007fff3c560000 - 0x00007fff3c58b000 	C:\WINDOWS\System32\GDI32.dll
0x00007fff3a480000 - 0x00007fff3a58d000 	C:\WINDOWS\System32\gdi32full.dll
0x00007fff3a3e0000 - 0x00007fff3a47d000 	C:\WINDOWS\System32\msvcp_win.dll
0x00007fff32400000 - 0x00007fff3240a000 	C:\WINDOWS\SYSTEM32\VERSION.dll
0x00007fff3a9c0000 - 0x00007fff3a9f0000 	C:\WINDOWS\System32\IMM32.DLL
0x00007fff35770000 - 0x00007fff3577c000 	D:\Java\jdk-15.0.1\bin\vcruntime140_1.dll
0x00007fff05780000 - 0x00007fff05811000 	D:\Java\jdk-15.0.1\bin\msvcp140.dll
0x00007ffecf720000 - 0x00007ffed027e000 	D:\Java\jdk-15.0.1\bin\server\jvm.dll
0x00007fff3a750000 - 0x00007fff3a758000 	C:\WINDOWS\System32\PSAPI.DLL
0x00007fff23080000 - 0x00007fff230a7000 	C:\WINDOWS\SYSTEM32\WINMM.dll
0x00007fff22eb0000 - 0x00007fff22eb9000 	C:\WINDOWS\SYSTEM32\WSOCK32.dll
0x00007fff3b820000 - 0x00007fff3b88b000 	C:\WINDOWS\System32\WS2_32.dll
0x00007fff37b70000 - 0x00007fff37b82000 	C:\WINDOWS\SYSTEM32\kernel.appcore.dll
0x00007fff35730000 - 0x00007fff3573a000 	D:\Java\jdk-15.0.1\bin\jimage.dll
0x00007fff26f40000 - 0x00007fff27124000 	C:\WINDOWS\SYSTEM32\DBGHELP.DLL
0x00007fff26f10000 - 0x00007fff26f3c000 	C:\WINDOWS\SYSTEM32\dbgcore.DLL
0x00007fff39ce0000 - 0x00007fff39d62000 	C:\WINDOWS\System32\bcryptPrimitives.dll
0x00007fff23390000 - 0x00007fff233b5000 	D:\Java\jdk-15.0.1\bin\java.dll
0x00007fff3b0d0000 - 0x00007fff3b814000 	C:\WINDOWS\System32\SHELL32.dll
0x00007fff37d90000 - 0x00007fff38524000 	C:\WINDOWS\SYSTEM32\windows.storage.dll
0x00007fff3bc80000 - 0x00007fff3bfd5000 	C:\WINDOWS\System32\combase.dll
0x00007fff396b0000 - 0x00007fff396de000 	C:\WINDOWS\SYSTEM32\Wldp.dll
0x00007fff3c390000 - 0x00007fff3c43d000 	C:\WINDOWS\System32\SHCORE.dll
0x00007fff3a6f0000 - 0x00007fff3a745000 	C:\WINDOWS\System32\shlwapi.dll
0x00007fff39c20000 - 0x00007fff39c3f000 	C:\WINDOWS\SYSTEM32\profapi.dll
0x00007fff28fe0000 - 0x00007fff28ff9000 	D:\Java\jdk-15.0.1\bin\net.dll
0x00007fff34ad0000 - 0x00007fff34bdc000 	C:\WINDOWS\SYSTEM32\WINHTTP.dll
0x00007fff393c0000 - 0x00007fff3942a000 	C:\WINDOWS\system32\mswsock.dll
0x00007fff1edd0000 - 0x00007fff1ede2000 	D:\Java\jdk-15.0.1\bin\nio.dll
0x00007fff1d440000 - 0x00007fff1d458000 	D:\Java\jdk-15.0.1\bin\zip.dll
0x00007fff34fe0000 - 0x00007fff34fe9000 	D:\Java\jdk-15.0.1\bin\management.dll
0x00007fff33960000 - 0x00007fff3396b000 	D:\Java\jdk-15.0.1\bin\management_ext.dll
0x0000000180000000 - 0x0000000180286000 	D:\Android\apache-tomcat-9.0.56\bin\tcnative-1.dll
0x00007fff39dd0000 - 0x00007fff39f26000 	C:\WINDOWS\System32\CRYPT32.dll
0x00007fff39610000 - 0x00007fff39628000 	C:\WINDOWS\SYSTEM32\CRYPTSP.dll
0x00007fff38d00000 - 0x00007fff38d34000 	C:\WINDOWS\system32\rsaenh.dll
0x00007fff39f30000 - 0x00007fff39f57000 	C:\WINDOWS\System32\bcrypt.dll
0x00007fff39a00000 - 0x00007fff39a0c000 	C:\WINDOWS\SYSTEM32\CRYPTBASE.dll
0x00007fff39ba0000 - 0x00007fff39bce000 	C:\WINDOWS\SYSTEM32\USERENV.dll
0x00007fff39090000 - 0x00007fff390cb000 	C:\WINDOWS\SYSTEM32\IPHLPAPI.DLL
0x00007fff3ba30000 - 0x00007fff3ba38000 	C:\WINDOWS\System32\NSI.dll
0x00007fff2fb00000 - 0x00007fff2fb17000 	C:\WINDOWS\SYSTEM32\dhcpcsvc6.DLL
0x00007fff2fd30000 - 0x00007fff2fd4d000 	C:\WINDOWS\SYSTEM32\dhcpcsvc.DLL
0x00007fff390d0000 - 0x00007fff3919b000 	C:\WINDOWS\SYSTEM32\DNSAPI.dll
0x00007fff1d2c0000 - 0x00007fff1d30b000 	C:\Program Files (x86)\Sangfor\SSL\ClientComponent\SangforNspX64.dll
0x00007fff3c0b0000 - 0x00007fff3c1da000 	C:\WINDOWS\System32\ole32.dll
0x00007fff3bfe0000 - 0x00007fff3c0ad000 	C:\WINDOWS\System32\OLEAUT32.dll
0x00007fff2fc80000 - 0x00007fff2fc8a000 	C:\Windows\System32\rasadhlp.dll
0x00007fff2ad70000 - 0x00007fff2adef000 	C:\WINDOWS\System32\fwpuclnt.dll

dbghelp: loaded successfully - version: 4.0.5 - missing functions: none
symbol engine: initialized successfully - sym options: 0x614 - pdb path: .;D:\Java\jdk-15.0.1\bin;C:\WINDOWS\SYSTEM32;C:\WINDOWS\WinSxS\amd64_microsoft.windows.common-controls_6595b64144ccf1df_6.0.19041.1110_none_60b5254171f9507e;D:\Java\jdk-15.0.1\bin\server;D:\Android\apache-tomcat-9.0.56\bin;C:\Program Files (x86)\Sangfor\SSL\ClientComponent

VM Arguments:
jvm_args: --add-opens=java.base/java.lang=ALL-UNNAMED --add-opens=java.base/java.io=ALL-UNNAMED --add-opens=java.base/java.util=ALL-UNNAMED --add-opens=java.base/java.util.concurrent=ALL-UNNAMED --add-opens=java.rmi/sun.rmi.transport=ALL-UNNAMED -Djava.util.logging.config.file=D:\Android\apache-tomcat-9.0.56\conf\logging.properties -Djava.util.logging.manager=org.apache.juli.ClassLoaderLogManager -Djdk.tls.ephemeralDHKeySize=2048 -Djava.protocol.handler.pkgs=org.apache.catalina.webresources -Dignore.endorsed.dirs= -Dcatalina.base=D:\Android\apache-tomcat-9.0.56 -Dcatalina.home=D:\Android\apache-tomcat-9.0.56 -Djava.io.tmpdir=D:\Android\apache-tomcat-9.0.56\temp 
java_command: org.apache.catalina.startup.Bootstrap start
java_class_path (initial): D:\Android\apache-tomcat-9.0.56\bin\bootstrap.jar;D:\Android\apache-tomcat-9.0.56\bin\tomcat-juli.jar
Launcher Type: SUN_STANDARD

[Global flags]
     intx CICompilerCount                          = 4                                         {product} {ergonomic}
     uint ConcGCThreads                            = 2                                         {product} {ergonomic}
     uint G1ConcRefinementThreads                  = 8                                         {product} {ergonomic}
   size_t G1HeapRegionSize                         = 1048576                                   {product} {ergonomic}
    uintx GCDrainStackTargetSize                   = 64                                        {product} {ergonomic}
   size_t InitialHeapSize                          = 132120576                                 {product} {ergonomic}
   size_t MarkStackSize                            = 4194304                                   {product} {ergonomic}
   size_t MaxHeapSize                              = 2097152000                                {product} {ergonomic}
   size_t MaxNewSize                               = 1258291200                                {product} {ergonomic}
   size_t MinHeapDeltaBytes                        = 1048576                                   {product} {ergonomic}
   size_t MinHeapSize                              = 8388608                                   {product} {ergonomic}
    uintx NonNMethodCodeHeapSize                   = 5839372                                {pd product} {ergonomic}
    uintx NonProfiledCodeHeapSize                  = 122909434                              {pd product} {ergonomic}
    uintx ProfiledCodeHeapSize                     = 122909434                              {pd product} {ergonomic}
    uintx ReservedCodeCacheSize                    = 251658240                              {pd product} {ergonomic}
     bool SegmentedCodeCache                       = true                                      {product} {ergonomic}
   size_t SoftMaxHeapSize                          = 2097152000                             {manageable} {ergonomic}
     bool UseCompressedClassPointers               = true                                 {lp64_product} {ergonomic}
     bool UseCompressedOops                        = true                                 {lp64_product} {ergonomic}
     bool UseG1GC                                  = true                                      {product} {ergonomic}
     bool UseLargePagesIndividualAllocation        = false                                  {pd product} {ergonomic}

Logging:
Log output configuration:
 #0: stdout all=warning uptime,level,tags
 #1: stderr all=off uptime,level,tags

Environment Variables:
JAVA_HOME=D:\Java\jdk-15.0.1
CLASSPATH=D:\Android\apache-tomcat-9.0.56\bin\bootstrap.jar;D:\Android\apache-tomcat-9.0.56\bin\tomcat-juli.jar
PATH=E:\Anaconda;E:\Anaconda\Library\mingw-w64\bin;E:\Anaconda\Library\usr\bin;E:\Anaconda\Library\bin;E:\Anaconda\Scripts;D:\Scripts\;D:\python;C:\Program Files (x86)\Common Files\Intel\Shared Files\cpp\bin\Intel64;C:\WINDOWS\system32;C:\WINDOWS;C:\WINDOWS\System32\Wbem;C:\WINDOWS\System32\WindowsPowerShell\v1.0\;C:\WINDOWS\System32\OpenSSH\;C:\Program Files (x86)\Intel\Intel(R) Management Engine Components\DAL;C:\Program Files\Intel\Intel(R) Management Engine Components\DAL;C:\Program Files\Intel\WiFi\bin\;C:\Program Files\Common Files\Intel\WirelessCommon\;C:\Program Files\dotnet\;C:\Program Files\Microsoft SQL Server\130\Tools\Binn\;F:\Code Blocks\CodeBlocks\MinGW\bin;D:\Java\jdk-15.0.1\bin;C:\Program Files\MySQL\MySQL Server 8.0\bin;E:\MATLAB\R2019b\bin;E:\Anaconda3;E:\Anaconda3\py;E:\Anaconda3\py\Scripts;E:\Anaconda3\py\Library\bin;E:\Anaconda3\py\Library\mingw-w64\bin;D:\NetSarang\Xftp 7\;D:\Android\android-sdk\platform-tools;D:\Android\android-sdk\tools;C:\Program Files (x86)\Microsoft Visual Studio\Common\Tools\WinNT;C:\Program Files (x86)\Microsoft Visual Studio\Common\MSDev98\Bin;C:\Program Files (x86)\Microsoft Visual Studio\Common\Tools;C:\Program Files (x86)\Microsoft Visual Studio\VC98\bin;E:\Scripts\;E:\;C:\Users\浩宇\AppData\Local\Microsoft\WindowsApps;E:\pycharm\PyCharm Community Edition 2020.1.2\bin;;C:\Program Files\Bandizip\;D:\Android\android-sdk\.android\avd;D:\JetBrains\IntelliJ IDEA 2021.2.2\bin;;D:\Java\JetBrains\IntelliJ IDEA Community Edition 2021.2.3\bin;;D:\Android\android-sdk\platform-tools;
USERNAME=浩宇
OS=Windows_NT
PROCESSOR_IDENTIFIER=Intel64 Family 6 Model 142 Stepping 11, GenuineIntel



---------------  S Y S T E M  ---------------

OS:
 Windows 10 , 64 bit Build 19041 (10.0.19041.1348)
OS uptime: 0 days 11:54 hours
HyperV virtualization detected

CPU: total 8 (initial active 8) (4 cores per cpu, 2 threads per core) family 6 model 142 stepping 11 microcode 0xae, cmov, cx8, fxsr, mmx, sse, sse2, sse3, ssse3, sse4.1, sse4.2, popcnt, vzeroupper, avx, avx2, aes, clmul, erms, 3dnowpref, lzcnt, ht, tsc, tscinvbit, bmi1, bmi2, adx, fma, clflush, clflushopt

Memory: 4k page, system-wide physical 7999M (371M free)
TotalPageFile size 18239M (AvailPageFile size 7M)
current process WorkingSet (physical memory assigned to process): 50M, peak: 131M
current process commit charge ("private bytes"): 241M, peak: 267M

vm_info: Java HotSpot(TM) 64-Bit Server VM (15.0.1+9-18) for windows-amd64 JRE (15.0.1+9-18), built on Sep 15 2020 14:43:54 by "mach5one" with unknown MS VC++:1925

END.
